<?xml version="1.0" encoding="UTF-8"?>
<testng-results ignored="0" total="2" passed="2" failed="0" skipped="0">
  <reporter-output>
  </reporter-output>
  <suite started-at="2026-02-19T19:33:43 IST" name="Default suite" finished-at="2026-02-19T19:34:08 IST" duration-ms="25194">
    <groups>
    </groups>
    <test started-at="2026-02-19T19:33:43 IST" name="Default test" finished-at="2026-02-19T19:34:08 IST" duration-ms="25194">
      <class name="NewTest">
        <test-method signature="Test1()[pri:0, instance:NewTest@625e134e]" started-at="2026-02-19T19:33:43 IST" name="Test1" finished-at="2026-02-19T19:33:54 IST" duration-ms="11060" status="PASS">
          <reporter-output>
          </reporter-output>
        </test-method> <!-- Test1 -->
        <test-method signature="Test1()[pri:0, instance:NewTest@625e134e]" started-at="2026-02-19T19:33:54 IST" name="Test1" finished-at="2026-02-19T19:34:08 IST" duration-ms="14048" status="PASS">
          <reporter-output>
          </reporter-output>
        </test-method> <!-- Test1 -->
      </class> <!-- NewTest -->
    </test> <!-- Default test -->
  </suite> <!-- Default suite -->
</testng-results>
